<?xml version="1.0" encoding="UTF-8"?><testrun name="PrimeNumber_JunitParameterization" project="Junit" tests="100" started="100" failures="16" errors="0" ignored="0">
  <testsuite name="core.Junit.PrimeNumber_JunitParameterization" time="0.195">
    <testsuite name="[Iteration # 0: Number: 1; isPrime? true]" time="0.013">
      <testcase name="testPrimeNumberChecker[Iteration # 0: Number: 1; isPrime? true]" classname="core.Junit.PrimeNumber_JunitParameterization" time="0.013">
        <failure>java.lang.AssertionError: expected:&lt;true&gt; but was:&lt;false&gt;&#13;
	at org.junit.Assert.fail(Assert.java:88)&#13;
	at org.junit.Assert.failNotEquals(Assert.java:834)&#13;
	at org.junit.Assert.assertEquals(Assert.java:118)&#13;
	at org.junit.Assert.assertEquals(Assert.java:144)&#13;
	at core.Junit.PrimeNumber_JunitParameterization.testPrimeNumberChecker(PrimeNumber_JunitParameterization.java:143)&#13;
	at sun.reflect.NativeMethodAccessorImpl.invoke0(Native Method)&#13;
	at sun.reflect.NativeMethodAccessorImpl.invoke(Unknown Source)&#13;
	at sun.reflect.DelegatingMethodAccessorImpl.invoke(Unknown Source)&#13;
	at java.lang.reflect.Method.invoke(Unknown Source)&#13;
	at org.junit.runners.model.FrameworkMethod$1.runReflectiveCall(FrameworkMethod.java:50)&#13;
	at org.junit.internal.runners.model.ReflectiveCallable.run(ReflectiveCallable.java:12)&#13;
	at org.junit.runners.model.FrameworkMethod.invokeExplosively(FrameworkMethod.java:47)&#13;
	at org.junit.internal.runners.statements.InvokeMethod.evaluate(InvokeMethod.java:17)&#13;
	at org.junit.internal.runners.statements.RunBefores.evaluate(RunBefores.java:26)&#13;
	at org.junit.runners.ParentRunner.runLeaf(ParentRunner.java:325)&#13;
	at org.junit.runners.BlockJUnit4ClassRunner.runChild(BlockJUnit4ClassRunner.java:78)&#13;
	at org.junit.runners.BlockJUnit4ClassRunner.runChild(BlockJUnit4ClassRunner.java:57)&#13;
	at org.junit.runners.ParentRunner$3.run(ParentRunner.java:290)&#13;
	at org.junit.runners.ParentRunner$1.schedule(ParentRunner.java:71)&#13;
	at org.junit.runners.ParentRunner.runChildren(ParentRunner.java:288)&#13;
	at org.junit.runners.ParentRunner.access$000(ParentRunner.java:58)&#13;
	at org.junit.runners.ParentRunner$2.evaluate(ParentRunner.java:268)&#13;
	at org.junit.runners.ParentRunner.run(ParentRunner.java:363)&#13;
	at org.junit.runners.Suite.runChild(Suite.java:128)&#13;
	at org.junit.runners.Suite.runChild(Suite.java:27)&#13;
	at org.junit.runners.ParentRunner$3.run(ParentRunner.java:290)&#13;
	at org.junit.runners.ParentRunner$1.schedule(ParentRunner.java:71)&#13;
	at org.junit.runners.ParentRunner.runChildren(ParentRunner.java:288)&#13;
	at org.junit.runners.ParentRunner.access$000(ParentRunner.java:58)&#13;
	at org.junit.runners.ParentRunner$2.evaluate(ParentRunner.java:268)&#13;
	at org.junit.runners.ParentRunner.run(ParentRunner.java:363)&#13;
	at org.eclipse.jdt.internal.junit4.runner.JUnit4TestReference.run(JUnit4TestReference.java:86)&#13;
	at org.eclipse.jdt.internal.junit.runner.TestExecution.run(TestExecution.java:38)&#13;
	at org.eclipse.jdt.internal.junit.runner.RemoteTestRunner.runTests(RemoteTestRunner.java:459)&#13;
	at org.eclipse.jdt.internal.junit.runner.RemoteTestRunner.runTests(RemoteTestRunner.java:675)&#13;
	at org.eclipse.jdt.internal.junit.runner.RemoteTestRunner.run(RemoteTestRunner.java:382)&#13;
	at org.eclipse.jdt.internal.junit.runner.RemoteTestRunner.main(RemoteTestRunner.java:192)&#13;
&#13;
</failure>
      </testcase>
    </testsuite>
    <testsuite name="[Iteration # 1: Number: 2; isPrime? true]" time="0.001">
      <testcase name="testPrimeNumberChecker[Iteration # 1: Number: 2; isPrime? true]" classname="core.Junit.PrimeNumber_JunitParameterization" time="0.001"/>
    </testsuite>
    <testsuite name="[Iteration # 2: Number: 3; isPrime? true]" time="0.001">
      <testcase name="testPrimeNumberChecker[Iteration # 2: Number: 3; isPrime? true]" classname="core.Junit.PrimeNumber_JunitParameterization" time="0.001"/>
    </testsuite>
    <testsuite name="[Iteration # 3: Number: 4; isPrime? false]" time="0.001">
      <testcase name="testPrimeNumberChecker[Iteration # 3: Number: 4; isPrime? false]" classname="core.Junit.PrimeNumber_JunitParameterization" time="0.001"/>
    </testsuite>
    <testsuite name="[Iteration # 4: Number: 5; isPrime? true]" time="0.001">
      <testcase name="testPrimeNumberChecker[Iteration # 4: Number: 5; isPrime? true]" classname="core.Junit.PrimeNumber_JunitParameterization" time="0.001"/>
    </testsuite>
    <testsuite name="[Iteration # 5: Number: 6; isPrime? false]" time="0.002">
      <testcase name="testPrimeNumberChecker[Iteration # 5: Number: 6; isPrime? false]" classname="core.Junit.PrimeNumber_JunitParameterization" time="0.002"/>
    </testsuite>
    <testsuite name="[Iteration # 6: Number: 7; isPrime? true]" time="0.001">
      <testcase name="testPrimeNumberChecker[Iteration # 6: Number: 7; isPrime? true]" classname="core.Junit.PrimeNumber_JunitParameterization" time="0.001"/>
    </testsuite>
    <testsuite name="[Iteration # 7: Number: 8; isPrime? false]" time="0.002">
      <testcase name="testPrimeNumberChecker[Iteration # 7: Number: 8; isPrime? false]" classname="core.Junit.PrimeNumber_JunitParameterization" time="0.001"/>
    </testsuite>
    <testsuite name="[Iteration # 8: Number: 9; isPrime? false]" time="0.001">
      <testcase name="testPrimeNumberChecker[Iteration # 8: Number: 9; isPrime? false]" classname="core.Junit.PrimeNumber_JunitParameterization" time="0.001"/>
    </testsuite>
    <testsuite name="[Iteration # 9: Number: 10; isPrime? false]" time="0.001">
      <testcase name="testPrimeNumberChecker[Iteration # 9: Number: 10; isPrime? false]" classname="core.Junit.PrimeNumber_JunitParameterization" time="0.001"/>
    </testsuite>
    <testsuite name="[Iteration # 10: Number: 11; isPrime? true]" time="0.002">
      <testcase name="testPrimeNumberChecker[Iteration # 10: Number: 11; isPrime? true]" classname="core.Junit.PrimeNumber_JunitParameterization" time="0.002"/>
    </testsuite>
    <testsuite name="[Iteration # 11: Number: 12; isPrime? false]" time="0.001">
      <testcase name="testPrimeNumberChecker[Iteration # 11: Number: 12; isPrime? false]" classname="core.Junit.PrimeNumber_JunitParameterization" time="0.001"/>
    </testsuite>
    <testsuite name="[Iteration # 12: Number: 13; isPrime? true]" time="0.001">
      <testcase name="testPrimeNumberChecker[Iteration # 12: Number: 13; isPrime? true]" classname="core.Junit.PrimeNumber_JunitParameterization" time="0.001"/>
    </testsuite>
    <testsuite name="[Iteration # 13: Number: 14; isPrime? false]" time="0.001">
      <testcase name="testPrimeNumberChecker[Iteration # 13: Number: 14; isPrime? false]" classname="core.Junit.PrimeNumber_JunitParameterization" time="0.001"/>
    </testsuite>
    <testsuite name="[Iteration # 14: Number: 15; isPrime? false]" time="0.003">
      <testcase name="testPrimeNumberChecker[Iteration # 14: Number: 15; isPrime? false]" classname="core.Junit.PrimeNumber_JunitParameterization" time="0.003"/>
    </testsuite>
    <testsuite name="[Iteration # 15: Number: 16; isPrime? false]" time="0.005">
      <testcase name="testPrimeNumberChecker[Iteration # 15: Number: 16; isPrime? false]" classname="core.Junit.PrimeNumber_JunitParameterization" time="0.005"/>
    </testsuite>
    <testsuite name="[Iteration # 16: Number: 17; isPrime? true]" time="0.002">
      <testcase name="testPrimeNumberChecker[Iteration # 16: Number: 17; isPrime? true]" classname="core.Junit.PrimeNumber_JunitParameterization" time="0.002"/>
    </testsuite>
    <testsuite name="[Iteration # 17: Number: 18; isPrime? false]" time="0.001">
      <testcase name="testPrimeNumberChecker[Iteration # 17: Number: 18; isPrime? false]" classname="core.Junit.PrimeNumber_JunitParameterization" time="0.001"/>
    </testsuite>
    <testsuite name="[Iteration # 18: Number: 19; isPrime? true]" time="0.001">
      <testcase name="testPrimeNumberChecker[Iteration # 18: Number: 19; isPrime? true]" classname="core.Junit.PrimeNumber_JunitParameterization" time="0.001"/>
    </testsuite>
    <testsuite name="[Iteration # 19: Number: 20; isPrime? false]" time="0.001">
      <testcase name="testPrimeNumberChecker[Iteration # 19: Number: 20; isPrime? false]" classname="core.Junit.PrimeNumber_JunitParameterization" time="0.001"/>
    </testsuite>
    <testsuite name="[Iteration # 20: Number: 21; isPrime? false]" time="0.001">
      <testcase name="testPrimeNumberChecker[Iteration # 20: Number: 21; isPrime? false]" classname="core.Junit.PrimeNumber_JunitParameterization" time="0.001"/>
    </testsuite>
    <testsuite name="[Iteration # 21: Number: 22; isPrime? false]" time="0.001">
      <testcase name="testPrimeNumberChecker[Iteration # 21: Number: 22; isPrime? false]" classname="core.Junit.PrimeNumber_JunitParameterization" time="0.001"/>
    </testsuite>
    <testsuite name="[Iteration # 22: Number: 23; isPrime? true]" time="0.001">
      <testcase name="testPrimeNumberChecker[Iteration # 22: Number: 23; isPrime? true]" classname="core.Junit.PrimeNumber_JunitParameterization" time="0.001"/>
    </testsuite>
    <testsuite name="[Iteration # 23: Number: 24; isPrime? false]" time="0.001">
      <testcase name="testPrimeNumberChecker[Iteration # 23: Number: 24; isPrime? false]" classname="core.Junit.PrimeNumber_JunitParameterization" time="0.001"/>
    </testsuite>
    <testsuite name="[Iteration # 24: Number: 25; isPrime? false]" time="0.0">
      <testcase name="testPrimeNumberChecker[Iteration # 24: Number: 25; isPrime? false]" classname="core.Junit.PrimeNumber_JunitParameterization" time="0.0"/>
    </testsuite>
    <testsuite name="[Iteration # 25: Number: 26; isPrime? false]" time="0.001">
      <testcase name="testPrimeNumberChecker[Iteration # 25: Number: 26; isPrime? false]" classname="core.Junit.PrimeNumber_JunitParameterization" time="0.001"/>
    </testsuite>
    <testsuite name="[Iteration # 26: Number: 27; isPrime? false]" time="0.001">
      <testcase name="testPrimeNumberChecker[Iteration # 26: Number: 27; isPrime? false]" classname="core.Junit.PrimeNumber_JunitParameterization" time="0.001"/>
    </testsuite>
    <testsuite name="[Iteration # 27: Number: 28; isPrime? false]" time="0.001">
      <testcase name="testPrimeNumberChecker[Iteration # 27: Number: 28; isPrime? false]" classname="core.Junit.PrimeNumber_JunitParameterization" time="0.001"/>
    </testsuite>
    <testsuite name="[Iteration # 28: Number: 29; isPrime? true]" time="0.002">
      <testcase name="testPrimeNumberChecker[Iteration # 28: Number: 29; isPrime? true]" classname="core.Junit.PrimeNumber_JunitParameterization" time="0.002"/>
    </testsuite>
    <testsuite name="[Iteration # 29: Number: 30; isPrime? false]" time="0.001">
      <testcase name="testPrimeNumberChecker[Iteration # 29: Number: 30; isPrime? false]" classname="core.Junit.PrimeNumber_JunitParameterization" time="0.001"/>
    </testsuite>
    <testsuite name="[Iteration # 30: Number: 31; isPrime? true]" time="0.001">
      <testcase name="testPrimeNumberChecker[Iteration # 30: Number: 31; isPrime? true]" classname="core.Junit.PrimeNumber_JunitParameterization" time="0.001"/>
    </testsuite>
    <testsuite name="[Iteration # 31: Number: 32; isPrime? false]" time="0.006">
      <testcase name="testPrimeNumberChecker[Iteration # 31: Number: 32; isPrime? false]" classname="core.Junit.PrimeNumber_JunitParameterization" time="0.006"/>
    </testsuite>
    <testsuite name="[Iteration # 32: Number: 33; isPrime? true]" time="0.0">
      <testcase name="testPrimeNumberChecker[Iteration # 32: Number: 33; isPrime? true]" classname="core.Junit.PrimeNumber_JunitParameterization" time="0.0">
        <failure>java.lang.AssertionError: expected:&lt;true&gt; but was:&lt;false&gt;&#13;
	at org.junit.Assert.fail(Assert.java:88)&#13;
	at org.junit.Assert.failNotEquals(Assert.java:834)&#13;
	at org.junit.Assert.assertEquals(Assert.java:118)&#13;
	at org.junit.Assert.assertEquals(Assert.java:144)&#13;
	at core.Junit.PrimeNumber_JunitParameterization.testPrimeNumberChecker(PrimeNumber_JunitParameterization.java:143)&#13;
	at sun.reflect.GeneratedMethodAccessor2.invoke(Unknown Source)&#13;
	at sun.reflect.DelegatingMethodAccessorImpl.invoke(Unknown Source)&#13;
	at java.lang.reflect.Method.invoke(Unknown Source)&#13;
	at org.junit.runners.model.FrameworkMethod$1.runReflectiveCall(FrameworkMethod.java:50)&#13;
	at org.junit.internal.runners.model.ReflectiveCallable.run(ReflectiveCallable.java:12)&#13;
	at org.junit.runners.model.FrameworkMethod.invokeExplosively(FrameworkMethod.java:47)&#13;
	at org.junit.internal.runners.statements.InvokeMethod.evaluate(InvokeMethod.java:17)&#13;
	at org.junit.internal.runners.statements.RunBefores.evaluate(RunBefores.java:26)&#13;
	at org.junit.runners.ParentRunner.runLeaf(ParentRunner.java:325)&#13;
	at org.junit.runners.BlockJUnit4ClassRunner.runChild(BlockJUnit4ClassRunner.java:78)&#13;
	at org.junit.runners.BlockJUnit4ClassRunner.runChild(BlockJUnit4ClassRunner.java:57)&#13;
	at org.junit.runners.ParentRunner$3.run(ParentRunner.java:290)&#13;
	at org.junit.runners.ParentRunner$1.schedule(ParentRunner.java:71)&#13;
	at org.junit.runners.ParentRunner.runChildren(ParentRunner.java:288)&#13;
	at org.junit.runners.ParentRunner.access$000(ParentRunner.java:58)&#13;
	at org.junit.runners.ParentRunner$2.evaluate(ParentRunner.java:268)&#13;
	at org.junit.runners.ParentRunner.run(ParentRunner.java:363)&#13;
	at org.junit.runners.Suite.runChild(Suite.java:128)&#13;
	at org.junit.runners.Suite.runChild(Suite.java:27)&#13;
	at org.junit.runners.ParentRunner$3.run(ParentRunner.java:290)&#13;
	at org.junit.runners.ParentRunner$1.schedule(ParentRunner.java:71)&#13;
	at org.junit.runners.ParentRunner.runChildren(ParentRunner.java:288)&#13;
	at org.junit.runners.ParentRunner.access$000(ParentRunner.java:58)&#13;
	at org.junit.runners.ParentRunner$2.evaluate(ParentRunner.java:268)&#13;
	at org.junit.runners.ParentRunner.run(ParentRunner.java:363)&#13;
	at org.eclipse.jdt.internal.junit4.runner.JUnit4TestReference.run(JUnit4TestReference.java:86)&#13;
	at org.eclipse.jdt.internal.junit.runner.TestExecution.run(TestExecution.java:38)&#13;
	at org.eclipse.jdt.internal.junit.runner.RemoteTestRunner.runTests(RemoteTestRunner.java:459)&#13;
	at org.eclipse.jdt.internal.junit.runner.RemoteTestRunner.runTests(RemoteTestRunner.java:675)&#13;
	at org.eclipse.jdt.internal.junit.runner.RemoteTestRunner.run(RemoteTestRunner.java:382)&#13;
	at org.eclipse.jdt.internal.junit.runner.RemoteTestRunner.main(RemoteTestRunner.java:192)&#13;
&#13;
</failure>
      </testcase>
    </testsuite>
    <testsuite name="[Iteration # 33: Number: 34; isPrime? false]" time="0.0">
      <testcase name="testPrimeNumberChecker[Iteration # 33: Number: 34; isPrime? false]" classname="core.Junit.PrimeNumber_JunitParameterization" time="0.0"/>
    </testsuite>
    <testsuite name="[Iteration # 34: Number: 35; isPrime? false]" time="0.0">
      <testcase name="testPrimeNumberChecker[Iteration # 34: Number: 35; isPrime? false]" classname="core.Junit.PrimeNumber_JunitParameterization" time="0.0"/>
    </testsuite>
    <testsuite name="[Iteration # 35: Number: 36; isPrime? false]" time="0.0">
      <testcase name="testPrimeNumberChecker[Iteration # 35: Number: 36; isPrime? false]" classname="core.Junit.PrimeNumber_JunitParameterization" time="0.0"/>
    </testsuite>
    <testsuite name="[Iteration # 36: Number: 37; isPrime? true]" time="0.025">
      <testcase name="testPrimeNumberChecker[Iteration # 36: Number: 37; isPrime? true]" classname="core.Junit.PrimeNumber_JunitParameterization" time="0.025"/>
    </testsuite>
    <testsuite name="[Iteration # 37: Number: 38; isPrime? false]" time="0.002">
      <testcase name="testPrimeNumberChecker[Iteration # 37: Number: 38; isPrime? false]" classname="core.Junit.PrimeNumber_JunitParameterization" time="0.002"/>
    </testsuite>
    <testsuite name="[Iteration # 38: Number: 39; isPrime? true]" time="0.002">
      <testcase name="testPrimeNumberChecker[Iteration # 38: Number: 39; isPrime? true]" classname="core.Junit.PrimeNumber_JunitParameterization" time="0.002">
        <failure>java.lang.AssertionError: expected:&lt;true&gt; but was:&lt;false&gt;&#13;
	at org.junit.Assert.fail(Assert.java:88)&#13;
	at org.junit.Assert.failNotEquals(Assert.java:834)&#13;
	at org.junit.Assert.assertEquals(Assert.java:118)&#13;
	at org.junit.Assert.assertEquals(Assert.java:144)&#13;
	at core.Junit.PrimeNumber_JunitParameterization.testPrimeNumberChecker(PrimeNumber_JunitParameterization.java:143)&#13;
	at sun.reflect.GeneratedMethodAccessor2.invoke(Unknown Source)&#13;
	at sun.reflect.DelegatingMethodAccessorImpl.invoke(Unknown Source)&#13;
	at java.lang.reflect.Method.invoke(Unknown Source)&#13;
	at org.junit.runners.model.FrameworkMethod$1.runReflectiveCall(FrameworkMethod.java:50)&#13;
	at org.junit.internal.runners.model.ReflectiveCallable.run(ReflectiveCallable.java:12)&#13;
	at org.junit.runners.model.FrameworkMethod.invokeExplosively(FrameworkMethod.java:47)&#13;
	at org.junit.internal.runners.statements.InvokeMethod.evaluate(InvokeMethod.java:17)&#13;
	at org.junit.internal.runners.statements.RunBefores.evaluate(RunBefores.java:26)&#13;
	at org.junit.runners.ParentRunner.runLeaf(ParentRunner.java:325)&#13;
	at org.junit.runners.BlockJUnit4ClassRunner.runChild(BlockJUnit4ClassRunner.java:78)&#13;
	at org.junit.runners.BlockJUnit4ClassRunner.runChild(BlockJUnit4ClassRunner.java:57)&#13;
	at org.junit.runners.ParentRunner$3.run(ParentRunner.java:290)&#13;
	at org.junit.runners.ParentRunner$1.schedule(ParentRunner.java:71)&#13;
	at org.junit.runners.ParentRunner.runChildren(ParentRunner.java:288)&#13;
	at org.junit.runners.ParentRunner.access$000(ParentRunner.java:58)&#13;
	at org.junit.runners.ParentRunner$2.evaluate(ParentRunner.java:268)&#13;
	at org.junit.runners.ParentRunner.run(ParentRunner.java:363)&#13;
	at org.junit.runners.Suite.runChild(Suite.java:128)&#13;
	at org.junit.runners.Suite.runChild(Suite.java:27)&#13;
	at org.junit.runners.ParentRunner$3.run(ParentRunner.java:290)&#13;
	at org.junit.runners.ParentRunner$1.schedule(ParentRunner.java:71)&#13;
	at org.junit.runners.ParentRunner.runChildren(ParentRunner.java:288)&#13;
	at org.junit.runners.ParentRunner.access$000(ParentRunner.java:58)&#13;
	at org.junit.runners.ParentRunner$2.evaluate(ParentRunner.java:268)&#13;
	at org.junit.runners.ParentRunner.run(ParentRunner.java:363)&#13;
	at org.eclipse.jdt.internal.junit4.runner.JUnit4TestReference.run(JUnit4TestReference.java:86)&#13;
	at org.eclipse.jdt.internal.junit.runner.TestExecution.run(TestExecution.java:38)&#13;
	at org.eclipse.jdt.internal.junit.runner.RemoteTestRunner.runTests(RemoteTestRunner.java:459)&#13;
	at org.eclipse.jdt.internal.junit.runner.RemoteTestRunner.runTests(RemoteTestRunner.java:675)&#13;
	at org.eclipse.jdt.internal.junit.runner.RemoteTestRunner.run(RemoteTestRunner.java:382)&#13;
	at org.eclipse.jdt.internal.junit.runner.RemoteTestRunner.main(RemoteTestRunner.java:192)&#13;
&#13;
</failure>
      </testcase>
    </testsuite>
    <testsuite name="[Iteration # 39: Number: 40; isPrime? false]" time="0.002">
      <testcase name="testPrimeNumberChecker[Iteration # 39: Number: 40; isPrime? false]" classname="core.Junit.PrimeNumber_JunitParameterization" time="0.002"/>
    </testsuite>
    <testsuite name="[Iteration # 40: Number: 41; isPrime? true]" time="0.001">
      <testcase name="testPrimeNumberChecker[Iteration # 40: Number: 41; isPrime? true]" classname="core.Junit.PrimeNumber_JunitParameterization" time="0.001"/>
    </testsuite>
    <testsuite name="[Iteration # 41: Number: 42; isPrime? false]" time="0.001">
      <testcase name="testPrimeNumberChecker[Iteration # 41: Number: 42; isPrime? false]" classname="core.Junit.PrimeNumber_JunitParameterization" time="0.001"/>
    </testsuite>
    <testsuite name="[Iteration # 42: Number: 43; isPrime? true]" time="0.002">
      <testcase name="testPrimeNumberChecker[Iteration # 42: Number: 43; isPrime? true]" classname="core.Junit.PrimeNumber_JunitParameterization" time="0.002"/>
    </testsuite>
    <testsuite name="[Iteration # 43: Number: 44; isPrime? false]" time="0.001">
      <testcase name="testPrimeNumberChecker[Iteration # 43: Number: 44; isPrime? false]" classname="core.Junit.PrimeNumber_JunitParameterization" time="0.001"/>
    </testsuite>
    <testsuite name="[Iteration # 44: Number: 45; isPrime? false]" time="0.035">
      <testcase name="testPrimeNumberChecker[Iteration # 44: Number: 45; isPrime? false]" classname="core.Junit.PrimeNumber_JunitParameterization" time="0.035"/>
    </testsuite>
    <testsuite name="[Iteration # 45: Number: 46; isPrime? false]" time="0.0">
      <testcase name="testPrimeNumberChecker[Iteration # 45: Number: 46; isPrime? false]" classname="core.Junit.PrimeNumber_JunitParameterization" time="0.0"/>
    </testsuite>
    <testsuite name="[Iteration # 46: Number: 47; isPrime? true]" time="0.0">
      <testcase name="testPrimeNumberChecker[Iteration # 46: Number: 47; isPrime? true]" classname="core.Junit.PrimeNumber_JunitParameterization" time="0.0"/>
    </testsuite>
    <testsuite name="[Iteration # 47: Number: 48; isPrime? false]" time="0.0">
      <testcase name="testPrimeNumberChecker[Iteration # 47: Number: 48; isPrime? false]" classname="core.Junit.PrimeNumber_JunitParameterization" time="0.0"/>
    </testsuite>
    <testsuite name="[Iteration # 48: Number: 49; isPrime? true]" time="0.0">
      <testcase name="testPrimeNumberChecker[Iteration # 48: Number: 49; isPrime? true]" classname="core.Junit.PrimeNumber_JunitParameterization" time="0.0">
        <failure>java.lang.AssertionError: expected:&lt;true&gt; but was:&lt;false&gt;&#13;
	at org.junit.Assert.fail(Assert.java:88)&#13;
	at org.junit.Assert.failNotEquals(Assert.java:834)&#13;
	at org.junit.Assert.assertEquals(Assert.java:118)&#13;
	at org.junit.Assert.assertEquals(Assert.java:144)&#13;
	at core.Junit.PrimeNumber_JunitParameterization.testPrimeNumberChecker(PrimeNumber_JunitParameterization.java:143)&#13;
	at sun.reflect.GeneratedMethodAccessor2.invoke(Unknown Source)&#13;
	at sun.reflect.DelegatingMethodAccessorImpl.invoke(Unknown Source)&#13;
	at java.lang.reflect.Method.invoke(Unknown Source)&#13;
	at org.junit.runners.model.FrameworkMethod$1.runReflectiveCall(FrameworkMethod.java:50)&#13;
	at org.junit.internal.runners.model.ReflectiveCallable.run(ReflectiveCallable.java:12)&#13;
	at org.junit.runners.model.FrameworkMethod.invokeExplosively(FrameworkMethod.java:47)&#13;
	at org.junit.internal.runners.statements.InvokeMethod.evaluate(InvokeMethod.java:17)&#13;
	at org.junit.internal.runners.statements.RunBefores.evaluate(RunBefores.java:26)&#13;
	at org.junit.runners.ParentRunner.runLeaf(ParentRunner.java:325)&#13;
	at org.junit.runners.BlockJUnit4ClassRunner.runChild(BlockJUnit4ClassRunner.java:78)&#13;
	at org.junit.runners.BlockJUnit4ClassRunner.runChild(BlockJUnit4ClassRunner.java:57)&#13;
	at org.junit.runners.ParentRunner$3.run(ParentRunner.java:290)&#13;
	at org.junit.runners.ParentRunner$1.schedule(ParentRunner.java:71)&#13;
	at org.junit.runners.ParentRunner.runChildren(ParentRunner.java:288)&#13;
	at org.junit.runners.ParentRunner.access$000(ParentRunner.java:58)&#13;
	at org.junit.runners.ParentRunner$2.evaluate(ParentRunner.java:268)&#13;
	at org.junit.runners.ParentRunner.run(ParentRunner.java:363)&#13;
	at org.junit.runners.Suite.runChild(Suite.java:128)&#13;
	at org.junit.runners.Suite.runChild(Suite.java:27)&#13;
	at org.junit.runners.ParentRunner$3.run(ParentRunner.java:290)&#13;
	at org.junit.runners.ParentRunner$1.schedule(ParentRunner.java:71)&#13;
	at org.junit.runners.ParentRunner.runChildren(ParentRunner.java:288)&#13;
	at org.junit.runners.ParentRunner.access$000(ParentRunner.java:58)&#13;
	at org.junit.runners.ParentRunner$2.evaluate(ParentRunner.java:268)&#13;
	at org.junit.runners.ParentRunner.run(ParentRunner.java:363)&#13;
	at org.eclipse.jdt.internal.junit4.runner.JUnit4TestReference.run(JUnit4TestReference.java:86)&#13;
	at org.eclipse.jdt.internal.junit.runner.TestExecution.run(TestExecution.java:38)&#13;
	at org.eclipse.jdt.internal.junit.runner.RemoteTestRunner.runTests(RemoteTestRunner.java:459)&#13;
	at org.eclipse.jdt.internal.junit.runner.RemoteTestRunner.runTests(RemoteTestRunner.java:675)&#13;
	at org.eclipse.jdt.internal.junit.runner.RemoteTestRunner.run(RemoteTestRunner.java:382)&#13;
	at org.eclipse.jdt.internal.junit.runner.RemoteTestRunner.main(RemoteTestRunner.java:192)&#13;
&#13;
</failure>
      </testcase>
    </testsuite>
    <testsuite name="[Iteration # 49: Number: 50; isPrime? false]" time="0.0">
      <testcase name="testPrimeNumberChecker[Iteration # 49: Number: 50; isPrime? false]" classname="core.Junit.PrimeNumber_JunitParameterization" time="0.0"/>
    </testsuite>
    <testsuite name="[Iteration # 50: Number: 51; isPrime? true]" time="0.0">
      <testcase name="testPrimeNumberChecker[Iteration # 50: Number: 51; isPrime? true]" classname="core.Junit.PrimeNumber_JunitParameterization" time="0.0">
        <failure>java.lang.AssertionError: expected:&lt;true&gt; but was:&lt;false&gt;&#13;
	at org.junit.Assert.fail(Assert.java:88)&#13;
	at org.junit.Assert.failNotEquals(Assert.java:834)&#13;
	at org.junit.Assert.assertEquals(Assert.java:118)&#13;
	at org.junit.Assert.assertEquals(Assert.java:144)&#13;
	at core.Junit.PrimeNumber_JunitParameterization.testPrimeNumberChecker(PrimeNumber_JunitParameterization.java:143)&#13;
	at sun.reflect.GeneratedMethodAccessor2.invoke(Unknown Source)&#13;
	at sun.reflect.DelegatingMethodAccessorImpl.invoke(Unknown Source)&#13;
	at java.lang.reflect.Method.invoke(Unknown Source)&#13;
	at org.junit.runners.model.FrameworkMethod$1.runReflectiveCall(FrameworkMethod.java:50)&#13;
	at org.junit.internal.runners.model.ReflectiveCallable.run(ReflectiveCallable.java:12)&#13;
	at org.junit.runners.model.FrameworkMethod.invokeExplosively(FrameworkMethod.java:47)&#13;
	at org.junit.internal.runners.statements.InvokeMethod.evaluate(InvokeMethod.java:17)&#13;
	at org.junit.internal.runners.statements.RunBefores.evaluate(RunBefores.java:26)&#13;
	at org.junit.runners.ParentRunner.runLeaf(ParentRunner.java:325)&#13;
	at org.junit.runners.BlockJUnit4ClassRunner.runChild(BlockJUnit4ClassRunner.java:78)&#13;
	at org.junit.runners.BlockJUnit4ClassRunner.runChild(BlockJUnit4ClassRunner.java:57)&#13;
	at org.junit.runners.ParentRunner$3.run(ParentRunner.java:290)&#13;
	at org.junit.runners.ParentRunner$1.schedule(ParentRunner.java:71)&#13;
	at org.junit.runners.ParentRunner.runChildren(ParentRunner.java:288)&#13;
	at org.junit.runners.ParentRunner.access$000(ParentRunner.java:58)&#13;
	at org.junit.runners.ParentRunner$2.evaluate(ParentRunner.java:268)&#13;
	at org.junit.runners.ParentRunner.run(ParentRunner.java:363)&#13;
	at org.junit.runners.Suite.runChild(Suite.java:128)&#13;
	at org.junit.runners.Suite.runChild(Suite.java:27)&#13;
	at org.junit.runners.ParentRunner$3.run(ParentRunner.java:290)&#13;
	at org.junit.runners.ParentRunner$1.schedule(ParentRunner.java:71)&#13;
	at org.junit.runners.ParentRunner.runChildren(ParentRunner.java:288)&#13;
	at org.junit.runners.ParentRunner.access$000(ParentRunner.java:58)&#13;
	at org.junit.runners.ParentRunner$2.evaluate(ParentRunner.java:268)&#13;
	at org.junit.runners.ParentRunner.run(ParentRunner.java:363)&#13;
	at org.eclipse.jdt.internal.junit4.runner.JUnit4TestReference.run(JUnit4TestReference.java:86)&#13;
	at org.eclipse.jdt.internal.junit.runner.TestExecution.run(TestExecution.java:38)&#13;
	at org.eclipse.jdt.internal.junit.runner.RemoteTestRunner.runTests(RemoteTestRunner.java:459)&#13;
	at org.eclipse.jdt.internal.junit.runner.RemoteTestRunner.runTests(RemoteTestRunner.java:675)&#13;
	at org.eclipse.jdt.internal.junit.runner.RemoteTestRunner.run(RemoteTestRunner.java:382)&#13;
	at org.eclipse.jdt.internal.junit.runner.RemoteTestRunner.main(RemoteTestRunner.java:192)&#13;
&#13;
</failure>
      </testcase>
    </testsuite>
    <testsuite name="[Iteration # 51: Number: 52; isPrime? false]" time="0.0">
      <testcase name="testPrimeNumberChecker[Iteration # 51: Number: 52; isPrime? false]" classname="core.Junit.PrimeNumber_JunitParameterization" time="0.0"/>
    </testsuite>
    <testsuite name="[Iteration # 52: Number: 53; isPrime? true]" time="0.0">
      <testcase name="testPrimeNumberChecker[Iteration # 52: Number: 53; isPrime? true]" classname="core.Junit.PrimeNumber_JunitParameterization" time="0.0"/>
    </testsuite>
    <testsuite name="[Iteration # 53: Number: 54; isPrime? false]" time="0.0">
      <testcase name="testPrimeNumberChecker[Iteration # 53: Number: 54; isPrime? false]" classname="core.Junit.PrimeNumber_JunitParameterization" time="0.0"/>
    </testsuite>
    <testsuite name="[Iteration # 54: Number: 55; isPrime? false]" time="0.0">
      <testcase name="testPrimeNumberChecker[Iteration # 54: Number: 55; isPrime? false]" classname="core.Junit.PrimeNumber_JunitParameterization" time="0.0"/>
    </testsuite>
    <testsuite name="[Iteration # 55: Number: 56; isPrime? false]" time="0.003">
      <testcase name="testPrimeNumberChecker[Iteration # 55: Number: 56; isPrime? false]" classname="core.Junit.PrimeNumber_JunitParameterization" time="0.003"/>
    </testsuite>
    <testsuite name="[Iteration # 56: Number: 57; isPrime? true]" time="0.0">
      <testcase name="testPrimeNumberChecker[Iteration # 56: Number: 57; isPrime? true]" classname="core.Junit.PrimeNumber_JunitParameterization" time="0.0">
        <failure>java.lang.AssertionError: expected:&lt;true&gt; but was:&lt;false&gt;&#13;
	at org.junit.Assert.fail(Assert.java:88)&#13;
	at org.junit.Assert.failNotEquals(Assert.java:834)&#13;
	at org.junit.Assert.assertEquals(Assert.java:118)&#13;
	at org.junit.Assert.assertEquals(Assert.java:144)&#13;
	at core.Junit.PrimeNumber_JunitParameterization.testPrimeNumberChecker(PrimeNumber_JunitParameterization.java:143)&#13;
	at sun.reflect.GeneratedMethodAccessor2.invoke(Unknown Source)&#13;
	at sun.reflect.DelegatingMethodAccessorImpl.invoke(Unknown Source)&#13;
	at java.lang.reflect.Method.invoke(Unknown Source)&#13;
	at org.junit.runners.model.FrameworkMethod$1.runReflectiveCall(FrameworkMethod.java:50)&#13;
	at org.junit.internal.runners.model.ReflectiveCallable.run(ReflectiveCallable.java:12)&#13;
	at org.junit.runners.model.FrameworkMethod.invokeExplosively(FrameworkMethod.java:47)&#13;
	at org.junit.internal.runners.statements.InvokeMethod.evaluate(InvokeMethod.java:17)&#13;
	at org.junit.internal.runners.statements.RunBefores.evaluate(RunBefores.java:26)&#13;
	at org.junit.runners.ParentRunner.runLeaf(ParentRunner.java:325)&#13;
	at org.junit.runners.BlockJUnit4ClassRunner.runChild(BlockJUnit4ClassRunner.java:78)&#13;
	at org.junit.runners.BlockJUnit4ClassRunner.runChild(BlockJUnit4ClassRunner.java:57)&#13;
	at org.junit.runners.ParentRunner$3.run(ParentRunner.java:290)&#13;
	at org.junit.runners.ParentRunner$1.schedule(ParentRunner.java:71)&#13;
	at org.junit.runners.ParentRunner.runChildren(ParentRunner.java:288)&#13;
	at org.junit.runners.ParentRunner.access$000(ParentRunner.java:58)&#13;
	at org.junit.runners.ParentRunner$2.evaluate(ParentRunner.java:268)&#13;
	at org.junit.runners.ParentRunner.run(ParentRunner.java:363)&#13;
	at org.junit.runners.Suite.runChild(Suite.java:128)&#13;
	at org.junit.runners.Suite.runChild(Suite.java:27)&#13;
	at org.junit.runners.ParentRunner$3.run(ParentRunner.java:290)&#13;
	at org.junit.runners.ParentRunner$1.schedule(ParentRunner.java:71)&#13;
	at org.junit.runners.ParentRunner.runChildren(ParentRunner.java:288)&#13;
	at org.junit.runners.ParentRunner.access$000(ParentRunner.java:58)&#13;
	at org.junit.runners.ParentRunner$2.evaluate(ParentRunner.java:268)&#13;
	at org.junit.runners.ParentRunner.run(ParentRunner.java:363)&#13;
	at org.eclipse.jdt.internal.junit4.runner.JUnit4TestReference.run(JUnit4TestReference.java:86)&#13;
	at org.eclipse.jdt.internal.junit.runner.TestExecution.run(TestExecution.java:38)&#13;
	at org.eclipse.jdt.internal.junit.runner.RemoteTestRunner.runTests(RemoteTestRunner.java:459)&#13;
	at org.eclipse.jdt.internal.junit.runner.RemoteTestRunner.runTests(RemoteTestRunner.java:675)&#13;
	at org.eclipse.jdt.internal.junit.runner.RemoteTestRunner.run(RemoteTestRunner.java:382)&#13;
	at org.eclipse.jdt.internal.junit.runner.RemoteTestRunner.main(RemoteTestRunner.java:192)&#13;
&#13;
</failure>
      </testcase>
    </testsuite>
    <testsuite name="[Iteration # 57: Number: 58; isPrime? false]" time="0.0">
      <testcase name="testPrimeNumberChecker[Iteration # 57: Number: 58; isPrime? false]" classname="core.Junit.PrimeNumber_JunitParameterization" time="0.0"/>
    </testsuite>
    <testsuite name="[Iteration # 58: Number: 59; isPrime? true]" time="0.001">
      <testcase name="testPrimeNumberChecker[Iteration # 58: Number: 59; isPrime? true]" classname="core.Junit.PrimeNumber_JunitParameterization" time="0.001"/>
    </testsuite>
    <testsuite name="[Iteration # 59: Number: 60; isPrime? false]" time="0.0">
      <testcase name="testPrimeNumberChecker[Iteration # 59: Number: 60; isPrime? false]" classname="core.Junit.PrimeNumber_JunitParameterization" time="0.0"/>
    </testsuite>
    <testsuite name="[Iteration # 60: Number: 61; isPrime? true]" time="0.0">
      <testcase name="testPrimeNumberChecker[Iteration # 60: Number: 61; isPrime? true]" classname="core.Junit.PrimeNumber_JunitParameterization" time="0.0"/>
    </testsuite>
    <testsuite name="[Iteration # 61: Number: 62; isPrime? false]" time="0.0">
      <testcase name="testPrimeNumberChecker[Iteration # 61: Number: 62; isPrime? false]" classname="core.Junit.PrimeNumber_JunitParameterization" time="0.0"/>
    </testsuite>
    <testsuite name="[Iteration # 62: Number: 63; isPrime? true]" time="0.0">
      <testcase name="testPrimeNumberChecker[Iteration # 62: Number: 63; isPrime? true]" classname="core.Junit.PrimeNumber_JunitParameterization" time="0.0">
        <failure>java.lang.AssertionError: expected:&lt;true&gt; but was:&lt;false&gt;&#13;
	at org.junit.Assert.fail(Assert.java:88)&#13;
	at org.junit.Assert.failNotEquals(Assert.java:834)&#13;
	at org.junit.Assert.assertEquals(Assert.java:118)&#13;
	at org.junit.Assert.assertEquals(Assert.java:144)&#13;
	at core.Junit.PrimeNumber_JunitParameterization.testPrimeNumberChecker(PrimeNumber_JunitParameterization.java:143)&#13;
	at sun.reflect.GeneratedMethodAccessor2.invoke(Unknown Source)&#13;
	at sun.reflect.DelegatingMethodAccessorImpl.invoke(Unknown Source)&#13;
	at java.lang.reflect.Method.invoke(Unknown Source)&#13;
	at org.junit.runners.model.FrameworkMethod$1.runReflectiveCall(FrameworkMethod.java:50)&#13;
	at org.junit.internal.runners.model.ReflectiveCallable.run(ReflectiveCallable.java:12)&#13;
	at org.junit.runners.model.FrameworkMethod.invokeExplosively(FrameworkMethod.java:47)&#13;
	at org.junit.internal.runners.statements.InvokeMethod.evaluate(InvokeMethod.java:17)&#13;
	at org.junit.internal.runners.statements.RunBefores.evaluate(RunBefores.java:26)&#13;
	at org.junit.runners.ParentRunner.runLeaf(ParentRunner.java:325)&#13;
	at org.junit.runners.BlockJUnit4ClassRunner.runChild(BlockJUnit4ClassRunner.java:78)&#13;
	at org.junit.runners.BlockJUnit4ClassRunner.runChild(BlockJUnit4ClassRunner.java:57)&#13;
	at org.junit.runners.ParentRunner$3.run(ParentRunner.java:290)&#13;
	at org.junit.runners.ParentRunner$1.schedule(ParentRunner.java:71)&#13;
	at org.junit.runners.ParentRunner.runChildren(ParentRunner.java:288)&#13;
	at org.junit.runners.ParentRunner.access$000(ParentRunner.java:58)&#13;
	at org.junit.runners.ParentRunner$2.evaluate(ParentRunner.java:268)&#13;
	at org.junit.runners.ParentRunner.run(ParentRunner.java:363)&#13;
	at org.junit.runners.Suite.runChild(Suite.java:128)&#13;
	at org.junit.runners.Suite.runChild(Suite.java:27)&#13;
	at org.junit.runners.ParentRunner$3.run(ParentRunner.java:290)&#13;
	at org.junit.runners.ParentRunner$1.schedule(ParentRunner.java:71)&#13;
	at org.junit.runners.ParentRunner.runChildren(ParentRunner.java:288)&#13;
	at org.junit.runners.ParentRunner.access$000(ParentRunner.java:58)&#13;
	at org.junit.runners.ParentRunner$2.evaluate(ParentRunner.java:268)&#13;
	at org.junit.runners.ParentRunner.run(ParentRunner.java:363)&#13;
	at org.eclipse.jdt.internal.junit4.runner.JUnit4TestReference.run(JUnit4TestReference.java:86)&#13;
	at org.eclipse.jdt.internal.junit.runner.TestExecution.run(TestExecution.java:38)&#13;
	at org.eclipse.jdt.internal.junit.runner.RemoteTestRunner.runTests(RemoteTestRunner.java:459)&#13;
	at org.eclipse.jdt.internal.junit.runner.RemoteTestRunner.runTests(RemoteTestRunner.java:675)&#13;
	at org.eclipse.jdt.internal.junit.runner.RemoteTestRunner.run(RemoteTestRunner.java:382)&#13;
	at org.eclipse.jdt.internal.junit.runner.RemoteTestRunner.main(RemoteTestRunner.java:192)&#13;
&#13;
</failure>
      </testcase>
    </testsuite>
    <testsuite name="[Iteration # 63: Number: 64; isPrime? false]" time="0.0">
      <testcase name="testPrimeNumberChecker[Iteration # 63: Number: 64; isPrime? false]" classname="core.Junit.PrimeNumber_JunitParameterization" time="0.0"/>
    </testsuite>
    <testsuite name="[Iteration # 64: Number: 65; isPrime? false]" time="0.0">
      <testcase name="testPrimeNumberChecker[Iteration # 64: Number: 65; isPrime? false]" classname="core.Junit.PrimeNumber_JunitParameterization" time="0.0"/>
    </testsuite>
    <testsuite name="[Iteration # 65: Number: 66; isPrime? false]" time="0.0">
      <testcase name="testPrimeNumberChecker[Iteration # 65: Number: 66; isPrime? false]" classname="core.Junit.PrimeNumber_JunitParameterization" time="0.0"/>
    </testsuite>
    <testsuite name="[Iteration # 66: Number: 67; isPrime? true]" time="0.0">
      <testcase name="testPrimeNumberChecker[Iteration # 66: Number: 67; isPrime? true]" classname="core.Junit.PrimeNumber_JunitParameterization" time="0.0"/>
    </testsuite>
    <testsuite name="[Iteration # 67: Number: 68; isPrime? false]" time="0.013">
      <testcase name="testPrimeNumberChecker[Iteration # 67: Number: 68; isPrime? false]" classname="core.Junit.PrimeNumber_JunitParameterization" time="0.013"/>
    </testsuite>
    <testsuite name="[Iteration # 68: Number: 69; isPrime? false]" time="0.0">
      <testcase name="testPrimeNumberChecker[Iteration # 68: Number: 69; isPrime? false]" classname="core.Junit.PrimeNumber_JunitParameterization" time="0.0"/>
    </testsuite>
    <testsuite name="[Iteration # 69: Number: 70; isPrime? false]" time="0.0">
      <testcase name="testPrimeNumberChecker[Iteration # 69: Number: 70; isPrime? false]" classname="core.Junit.PrimeNumber_JunitParameterization" time="0.0"/>
    </testsuite>
    <testsuite name="[Iteration # 70: Number: 71; isPrime? true]" time="0.0">
      <testcase name="testPrimeNumberChecker[Iteration # 70: Number: 71; isPrime? true]" classname="core.Junit.PrimeNumber_JunitParameterization" time="0.0"/>
    </testsuite>
    <testsuite name="[Iteration # 71: Number: 72; isPrime? false]" time="0.0">
      <testcase name="testPrimeNumberChecker[Iteration # 71: Number: 72; isPrime? false]" classname="core.Junit.PrimeNumber_JunitParameterization" time="0.0"/>
    </testsuite>
    <testsuite name="[Iteration # 72: Number: 73; isPrime? true]" time="0.0">
      <testcase name="testPrimeNumberChecker[Iteration # 72: Number: 73; isPrime? true]" classname="core.Junit.PrimeNumber_JunitParameterization" time="0.0"/>
    </testsuite>
    <testsuite name="[Iteration # 73: Number: 74; isPrime? false]" time="0.0">
      <testcase name="testPrimeNumberChecker[Iteration # 73: Number: 74; isPrime? false]" classname="core.Junit.PrimeNumber_JunitParameterization" time="0.0"/>
    </testsuite>
    <testsuite name="[Iteration # 74: Number: 75; isPrime? true]" time="0.0">
      <testcase name="testPrimeNumberChecker[Iteration # 74: Number: 75; isPrime? true]" classname="core.Junit.PrimeNumber_JunitParameterization" time="0.0">
        <failure>java.lang.AssertionError: expected:&lt;true&gt; but was:&lt;false&gt;&#13;
	at org.junit.Assert.fail(Assert.java:88)&#13;
	at org.junit.Assert.failNotEquals(Assert.java:834)&#13;
	at org.junit.Assert.assertEquals(Assert.java:118)&#13;
	at org.junit.Assert.assertEquals(Assert.java:144)&#13;
	at core.Junit.PrimeNumber_JunitParameterization.testPrimeNumberChecker(PrimeNumber_JunitParameterization.java:143)&#13;
	at sun.reflect.GeneratedMethodAccessor2.invoke(Unknown Source)&#13;
	at sun.reflect.DelegatingMethodAccessorImpl.invoke(Unknown Source)&#13;
	at java.lang.reflect.Method.invoke(Unknown Source)&#13;
	at org.junit.runners.model.FrameworkMethod$1.runReflectiveCall(FrameworkMethod.java:50)&#13;
	at org.junit.internal.runners.model.ReflectiveCallable.run(ReflectiveCallable.java:12)&#13;
	at org.junit.runners.model.FrameworkMethod.invokeExplosively(FrameworkMethod.java:47)&#13;
	at org.junit.internal.runners.statements.InvokeMethod.evaluate(InvokeMethod.java:17)&#13;
	at org.junit.internal.runners.statements.RunBefores.evaluate(RunBefores.java:26)&#13;
	at org.junit.runners.ParentRunner.runLeaf(ParentRunner.java:325)&#13;
	at org.junit.runners.BlockJUnit4ClassRunner.runChild(BlockJUnit4ClassRunner.java:78)&#13;
	at org.junit.runners.BlockJUnit4ClassRunner.runChild(BlockJUnit4ClassRunner.java:57)&#13;
	at org.junit.runners.ParentRunner$3.run(ParentRunner.java:290)&#13;
	at org.junit.runners.ParentRunner$1.schedule(ParentRunner.java:71)&#13;
	at org.junit.runners.ParentRunner.runChildren(ParentRunner.java:288)&#13;
	at org.junit.runners.ParentRunner.access$000(ParentRunner.java:58)&#13;
	at org.junit.runners.ParentRunner$2.evaluate(ParentRunner.java:268)&#13;
	at org.junit.runners.ParentRunner.run(ParentRunner.java:363)&#13;
	at org.junit.runners.Suite.runChild(Suite.java:128)&#13;
	at org.junit.runners.Suite.runChild(Suite.java:27)&#13;
	at org.junit.runners.ParentRunner$3.run(ParentRunner.java:290)&#13;
	at org.junit.runners.ParentRunner$1.schedule(ParentRunner.java:71)&#13;
	at org.junit.runners.ParentRunner.runChildren(ParentRunner.java:288)&#13;
	at org.junit.runners.ParentRunner.access$000(ParentRunner.java:58)&#13;
	at org.junit.runners.ParentRunner$2.evaluate(ParentRunner.java:268)&#13;
	at org.junit.runners.ParentRunner.run(ParentRunner.java:363)&#13;
	at org.eclipse.jdt.internal.junit4.runner.JUnit4TestReference.run(JUnit4TestReference.java:86)&#13;
	at org.eclipse.jdt.internal.junit.runner.TestExecution.run(TestExecution.java:38)&#13;
	at org.eclipse.jdt.internal.junit.runner.RemoteTestRunner.runTests(RemoteTestRunner.java:459)&#13;
	at org.eclipse.jdt.internal.junit.runner.RemoteTestRunner.runTests(RemoteTestRunner.java:675)&#13;
	at org.eclipse.jdt.internal.junit.runner.RemoteTestRunner.run(RemoteTestRunner.java:382)&#13;
	at org.eclipse.jdt.internal.junit.runner.RemoteTestRunner.main(RemoteTestRunner.java:192)&#13;
&#13;
</failure>
      </testcase>
    </testsuite>
    <testsuite name="[Iteration # 75: Number: 76; isPrime? false]" time="0.0">
      <testcase name="testPrimeNumberChecker[Iteration # 75: Number: 76; isPrime? false]" classname="core.Junit.PrimeNumber_JunitParameterization" time="0.0"/>
    </testsuite>
    <testsuite name="[Iteration # 76: Number: 77; isPrime? true]" time="0.0">
      <testcase name="testPrimeNumberChecker[Iteration # 76: Number: 77; isPrime? true]" classname="core.Junit.PrimeNumber_JunitParameterization" time="0.0">
        <failure>java.lang.AssertionError: expected:&lt;true&gt; but was:&lt;false&gt;&#13;
	at org.junit.Assert.fail(Assert.java:88)&#13;
	at org.junit.Assert.failNotEquals(Assert.java:834)&#13;
	at org.junit.Assert.assertEquals(Assert.java:118)&#13;
	at org.junit.Assert.assertEquals(Assert.java:144)&#13;
	at core.Junit.PrimeNumber_JunitParameterization.testPrimeNumberChecker(PrimeNumber_JunitParameterization.java:143)&#13;
	at sun.reflect.GeneratedMethodAccessor2.invoke(Unknown Source)&#13;
	at sun.reflect.DelegatingMethodAccessorImpl.invoke(Unknown Source)&#13;
	at java.lang.reflect.Method.invoke(Unknown Source)&#13;
	at org.junit.runners.model.FrameworkMethod$1.runReflectiveCall(FrameworkMethod.java:50)&#13;
	at org.junit.internal.runners.model.ReflectiveCallable.run(ReflectiveCallable.java:12)&#13;
	at org.junit.runners.model.FrameworkMethod.invokeExplosively(FrameworkMethod.java:47)&#13;
	at org.junit.internal.runners.statements.InvokeMethod.evaluate(InvokeMethod.java:17)&#13;
	at org.junit.internal.runners.statements.RunBefores.evaluate(RunBefores.java:26)&#13;
	at org.junit.runners.ParentRunner.runLeaf(ParentRunner.java:325)&#13;
	at org.junit.runners.BlockJUnit4ClassRunner.runChild(BlockJUnit4ClassRunner.java:78)&#13;
	at org.junit.runners.BlockJUnit4ClassRunner.runChild(BlockJUnit4ClassRunner.java:57)&#13;
	at org.junit.runners.ParentRunner$3.run(ParentRunner.java:290)&#13;
	at org.junit.runners.ParentRunner$1.schedule(ParentRunner.java:71)&#13;
	at org.junit.runners.ParentRunner.runChildren(ParentRunner.java:288)&#13;
	at org.junit.runners.ParentRunner.access$000(ParentRunner.java:58)&#13;
	at org.junit.runners.ParentRunner$2.evaluate(ParentRunner.java:268)&#13;
	at org.junit.runners.ParentRunner.run(ParentRunner.java:363)&#13;
	at org.junit.runners.Suite.runChild(Suite.java:128)&#13;
	at org.junit.runners.Suite.runChild(Suite.java:27)&#13;
	at org.junit.runners.ParentRunner$3.run(ParentRunner.java:290)&#13;
	at org.junit.runners.ParentRunner$1.schedule(ParentRunner.java:71)&#13;
	at org.junit.runners.ParentRunner.runChildren(ParentRunner.java:288)&#13;
	at org.junit.runners.ParentRunner.access$000(ParentRunner.java:58)&#13;
	at org.junit.runners.ParentRunner$2.evaluate(ParentRunner.java:268)&#13;
	at org.junit.runners.ParentRunner.run(ParentRunner.java:363)&#13;
	at org.eclipse.jdt.internal.junit4.runner.JUnit4TestReference.run(JUnit4TestReference.java:86)&#13;
	at org.eclipse.jdt.internal.junit.runner.TestExecution.run(TestExecution.java:38)&#13;
	at org.eclipse.jdt.internal.junit.runner.RemoteTestRunner.runTests(RemoteTestRunner.java:459)&#13;
	at org.eclipse.jdt.internal.junit.runner.RemoteTestRunner.runTests(RemoteTestRunner.java:675)&#13;
	at org.eclipse.jdt.internal.junit.runner.RemoteTestRunner.run(RemoteTestRunner.java:382)&#13;
	at org.eclipse.jdt.internal.junit.runner.RemoteTestRunner.main(RemoteTestRunner.java:192)&#13;
&#13;
</failure>
      </testcase>
    </testsuite>
    <testsuite name="[Iteration # 77: Number: 78; isPrime? false]" time="0.0">
      <testcase name="testPrimeNumberChecker[Iteration # 77: Number: 78; isPrime? false]" classname="core.Junit.PrimeNumber_JunitParameterization" time="0.0"/>
    </testsuite>
    <testsuite name="[Iteration # 78: Number: 79; isPrime? true]" time="0.002">
      <testcase name="testPrimeNumberChecker[Iteration # 78: Number: 79; isPrime? true]" classname="core.Junit.PrimeNumber_JunitParameterization" time="0.002"/>
    </testsuite>
    <testsuite name="[Iteration # 79: Number: 80; isPrime? false]" time="0.0">
      <testcase name="testPrimeNumberChecker[Iteration # 79: Number: 80; isPrime? false]" classname="core.Junit.PrimeNumber_JunitParameterization" time="0.0"/>
    </testsuite>
    <testsuite name="[Iteration # 80: Number: 81; isPrime? true]" time="0.007">
      <testcase name="testPrimeNumberChecker[Iteration # 80: Number: 81; isPrime? true]" classname="core.Junit.PrimeNumber_JunitParameterization" time="0.007">
        <failure>java.lang.AssertionError: expected:&lt;true&gt; but was:&lt;false&gt;&#13;
	at org.junit.Assert.fail(Assert.java:88)&#13;
	at org.junit.Assert.failNotEquals(Assert.java:834)&#13;
	at org.junit.Assert.assertEquals(Assert.java:118)&#13;
	at org.junit.Assert.assertEquals(Assert.java:144)&#13;
	at core.Junit.PrimeNumber_JunitParameterization.testPrimeNumberChecker(PrimeNumber_JunitParameterization.java:143)&#13;
	at sun.reflect.GeneratedMethodAccessor2.invoke(Unknown Source)&#13;
	at sun.reflect.DelegatingMethodAccessorImpl.invoke(Unknown Source)&#13;
	at java.lang.reflect.Method.invoke(Unknown Source)&#13;
	at org.junit.runners.model.FrameworkMethod$1.runReflectiveCall(FrameworkMethod.java:50)&#13;
	at org.junit.internal.runners.model.ReflectiveCallable.run(ReflectiveCallable.java:12)&#13;
	at org.junit.runners.model.FrameworkMethod.invokeExplosively(FrameworkMethod.java:47)&#13;
	at org.junit.internal.runners.statements.InvokeMethod.evaluate(InvokeMethod.java:17)&#13;
	at org.junit.internal.runners.statements.RunBefores.evaluate(RunBefores.java:26)&#13;
	at org.junit.runners.ParentRunner.runLeaf(ParentRunner.java:325)&#13;
	at org.junit.runners.BlockJUnit4ClassRunner.runChild(BlockJUnit4ClassRunner.java:78)&#13;
	at org.junit.runners.BlockJUnit4ClassRunner.runChild(BlockJUnit4ClassRunner.java:57)&#13;
	at org.junit.runners.ParentRunner$3.run(ParentRunner.java:290)&#13;
	at org.junit.runners.ParentRunner$1.schedule(ParentRunner.java:71)&#13;
	at org.junit.runners.ParentRunner.runChildren(ParentRunner.java:288)&#13;
	at org.junit.runners.ParentRunner.access$000(ParentRunner.java:58)&#13;
	at org.junit.runners.ParentRunner$2.evaluate(ParentRunner.java:268)&#13;
	at org.junit.runners.ParentRunner.run(ParentRunner.java:363)&#13;
	at org.junit.runners.Suite.runChild(Suite.java:128)&#13;
	at org.junit.runners.Suite.runChild(Suite.java:27)&#13;
	at org.junit.runners.ParentRunner$3.run(ParentRunner.java:290)&#13;
	at org.junit.runners.ParentRunner$1.schedule(ParentRunner.java:71)&#13;
	at org.junit.runners.ParentRunner.runChildren(ParentRunner.java:288)&#13;
	at org.junit.runners.ParentRunner.access$000(ParentRunner.java:58)&#13;
	at org.junit.runners.ParentRunner$2.evaluate(ParentRunner.java:268)&#13;
	at org.junit.runners.ParentRunner.run(ParentRunner.java:363)&#13;
	at org.eclipse.jdt.internal.junit4.runner.JUnit4TestReference.run(JUnit4TestReference.java:86)&#13;
	at org.eclipse.jdt.internal.junit.runner.TestExecution.run(TestExecution.java:38)&#13;
	at org.eclipse.jdt.internal.junit.runner.RemoteTestRunner.runTests(RemoteTestRunner.java:459)&#13;
	at org.eclipse.jdt.internal.junit.runner.RemoteTestRunner.runTests(RemoteTestRunner.java:675)&#13;
	at org.eclipse.jdt.internal.junit.runner.RemoteTestRunner.run(RemoteTestRunner.java:382)&#13;
	at org.eclipse.jdt.internal.junit.runner.RemoteTestRunner.main(RemoteTestRunner.java:192)&#13;
&#13;
</failure>
      </testcase>
    </testsuite>
    <testsuite name="[Iteration # 81: Number: 82; isPrime? false]" time="0.0">
      <testcase name="testPrimeNumberChecker[Iteration # 81: Number: 82; isPrime? false]" classname="core.Junit.PrimeNumber_JunitParameterization" time="0.0"/>
    </testsuite>
    <testsuite name="[Iteration # 82: Number: 83; isPrime? true]" time="0.0">
      <testcase name="testPrimeNumberChecker[Iteration # 82: Number: 83; isPrime? true]" classname="core.Junit.PrimeNumber_JunitParameterization" time="0.0"/>
    </testsuite>
    <testsuite name="[Iteration # 83: Number: 84; isPrime? false]" time="0.0">
      <testcase name="testPrimeNumberChecker[Iteration # 83: Number: 84; isPrime? false]" classname="core.Junit.PrimeNumber_JunitParameterization" time="0.0"/>
    </testsuite>
    <testsuite name="[Iteration # 84: Number: 85; isPrime? true]" time="0.007">
      <testcase name="testPrimeNumberChecker[Iteration # 84: Number: 85; isPrime? true]" classname="core.Junit.PrimeNumber_JunitParameterization" time="0.007">
        <failure>java.lang.AssertionError: expected:&lt;true&gt; but was:&lt;false&gt;&#13;
	at org.junit.Assert.fail(Assert.java:88)&#13;
	at org.junit.Assert.failNotEquals(Assert.java:834)&#13;
	at org.junit.Assert.assertEquals(Assert.java:118)&#13;
	at org.junit.Assert.assertEquals(Assert.java:144)&#13;
	at core.Junit.PrimeNumber_JunitParameterization.testPrimeNumberChecker(PrimeNumber_JunitParameterization.java:143)&#13;
	at sun.reflect.GeneratedMethodAccessor2.invoke(Unknown Source)&#13;
	at sun.reflect.DelegatingMethodAccessorImpl.invoke(Unknown Source)&#13;
	at java.lang.reflect.Method.invoke(Unknown Source)&#13;
	at org.junit.runners.model.FrameworkMethod$1.runReflectiveCall(FrameworkMethod.java:50)&#13;
	at org.junit.internal.runners.model.ReflectiveCallable.run(ReflectiveCallable.java:12)&#13;
	at org.junit.runners.model.FrameworkMethod.invokeExplosively(FrameworkMethod.java:47)&#13;
	at org.junit.internal.runners.statements.InvokeMethod.evaluate(InvokeMethod.java:17)&#13;
	at org.junit.internal.runners.statements.RunBefores.evaluate(RunBefores.java:26)&#13;
	at org.junit.runners.ParentRunner.runLeaf(ParentRunner.java:325)&#13;
	at org.junit.runners.BlockJUnit4ClassRunner.runChild(BlockJUnit4ClassRunner.java:78)&#13;
	at org.junit.runners.BlockJUnit4ClassRunner.runChild(BlockJUnit4ClassRunner.java:57)&#13;
	at org.junit.runners.ParentRunner$3.run(ParentRunner.java:290)&#13;
	at org.junit.runners.ParentRunner$1.schedule(ParentRunner.java:71)&#13;
	at org.junit.runners.ParentRunner.runChildren(ParentRunner.java:288)&#13;
	at org.junit.runners.ParentRunner.access$000(ParentRunner.java:58)&#13;
	at org.junit.runners.ParentRunner$2.evaluate(ParentRunner.java:268)&#13;
	at org.junit.runners.ParentRunner.run(ParentRunner.java:363)&#13;
	at org.junit.runners.Suite.runChild(Suite.java:128)&#13;
	at org.junit.runners.Suite.runChild(Suite.java:27)&#13;
	at org.junit.runners.ParentRunner$3.run(ParentRunner.java:290)&#13;
	at org.junit.runners.ParentRunner$1.schedule(ParentRunner.java:71)&#13;
	at org.junit.runners.ParentRunner.runChildren(ParentRunner.java:288)&#13;
	at org.junit.runners.ParentRunner.access$000(ParentRunner.java:58)&#13;
	at org.junit.runners.ParentRunner$2.evaluate(ParentRunner.java:268)&#13;
	at org.junit.runners.ParentRunner.run(ParentRunner.java:363)&#13;
	at org.eclipse.jdt.internal.junit4.runner.JUnit4TestReference.run(JUnit4TestReference.java:86)&#13;
	at org.eclipse.jdt.internal.junit.runner.TestExecution.run(TestExecution.java:38)&#13;
	at org.eclipse.jdt.internal.junit.runner.RemoteTestRunner.runTests(RemoteTestRunner.java:459)&#13;
	at org.eclipse.jdt.internal.junit.runner.RemoteTestRunner.runTests(RemoteTestRunner.java:675)&#13;
	at org.eclipse.jdt.internal.junit.runner.RemoteTestRunner.run(RemoteTestRunner.java:382)&#13;
	at org.eclipse.jdt.internal.junit.runner.RemoteTestRunner.main(RemoteTestRunner.java:192)&#13;
&#13;
</failure>
      </testcase>
    </testsuite>
    <testsuite name="[Iteration # 85: Number: 86; isPrime? false]" time="0.0">
      <testcase name="testPrimeNumberChecker[Iteration # 85: Number: 86; isPrime? false]" classname="core.Junit.PrimeNumber_JunitParameterization" time="0.0"/>
    </testsuite>
    <testsuite name="[Iteration # 86: Number: 87; isPrime? true]" time="0.0">
      <testcase name="testPrimeNumberChecker[Iteration # 86: Number: 87; isPrime? true]" classname="core.Junit.PrimeNumber_JunitParameterization" time="0.0">
        <failure>java.lang.AssertionError: expected:&lt;true&gt; but was:&lt;false&gt;&#13;
	at org.junit.Assert.fail(Assert.java:88)&#13;
	at org.junit.Assert.failNotEquals(Assert.java:834)&#13;
	at org.junit.Assert.assertEquals(Assert.java:118)&#13;
	at org.junit.Assert.assertEquals(Assert.java:144)&#13;
	at core.Junit.PrimeNumber_JunitParameterization.testPrimeNumberChecker(PrimeNumber_JunitParameterization.java:143)&#13;
	at sun.reflect.GeneratedMethodAccessor2.invoke(Unknown Source)&#13;
	at sun.reflect.DelegatingMethodAccessorImpl.invoke(Unknown Source)&#13;
	at java.lang.reflect.Method.invoke(Unknown Source)&#13;
	at org.junit.runners.model.FrameworkMethod$1.runReflectiveCall(FrameworkMethod.java:50)&#13;
	at org.junit.internal.runners.model.ReflectiveCallable.run(ReflectiveCallable.java:12)&#13;
	at org.junit.runners.model.FrameworkMethod.invokeExplosively(FrameworkMethod.java:47)&#13;
	at org.junit.internal.runners.statements.InvokeMethod.evaluate(InvokeMethod.java:17)&#13;
	at org.junit.internal.runners.statements.RunBefores.evaluate(RunBefores.java:26)&#13;
	at org.junit.runners.ParentRunner.runLeaf(ParentRunner.java:325)&#13;
	at org.junit.runners.BlockJUnit4ClassRunner.runChild(BlockJUnit4ClassRunner.java:78)&#13;
	at org.junit.runners.BlockJUnit4ClassRunner.runChild(BlockJUnit4ClassRunner.java:57)&#13;
	at org.junit.runners.ParentRunner$3.run(ParentRunner.java:290)&#13;
	at org.junit.runners.ParentRunner$1.schedule(ParentRunner.java:71)&#13;
	at org.junit.runners.ParentRunner.runChildren(ParentRunner.java:288)&#13;
	at org.junit.runners.ParentRunner.access$000(ParentRunner.java:58)&#13;
	at org.junit.runners.ParentRunner$2.evaluate(ParentRunner.java:268)&#13;
	at org.junit.runners.ParentRunner.run(ParentRunner.java:363)&#13;
	at org.junit.runners.Suite.runChild(Suite.java:128)&#13;
	at org.junit.runners.Suite.runChild(Suite.java:27)&#13;
	at org.junit.runners.ParentRunner$3.run(ParentRunner.java:290)&#13;
	at org.junit.runners.ParentRunner$1.schedule(ParentRunner.java:71)&#13;
	at org.junit.runners.ParentRunner.runChildren(ParentRunner.java:288)&#13;
	at org.junit.runners.ParentRunner.access$000(ParentRunner.java:58)&#13;
	at org.junit.runners.ParentRunner$2.evaluate(ParentRunner.java:268)&#13;
	at org.junit.runners.ParentRunner.run(ParentRunner.java:363)&#13;
	at org.eclipse.jdt.internal.junit4.runner.JUnit4TestReference.run(JUnit4TestReference.java:86)&#13;
	at org.eclipse.jdt.internal.junit.runner.TestExecution.run(TestExecution.java:38)&#13;
	at org.eclipse.jdt.internal.junit.runner.RemoteTestRunner.runTests(RemoteTestRunner.java:459)&#13;
	at org.eclipse.jdt.internal.junit.runner.RemoteTestRunner.runTests(RemoteTestRunner.java:675)&#13;
	at org.eclipse.jdt.internal.junit.runner.RemoteTestRunner.run(RemoteTestRunner.java:382)&#13;
	at org.eclipse.jdt.internal.junit.runner.RemoteTestRunner.main(RemoteTestRunner.java:192)&#13;
&#13;
</failure>
      </testcase>
    </testsuite>
    <testsuite name="[Iteration # 87: Number: 88; isPrime? false]" time="0.0">
      <testcase name="testPrimeNumberChecker[Iteration # 87: Number: 88; isPrime? false]" classname="core.Junit.PrimeNumber_JunitParameterization" time="0.0"/>
    </testsuite>
    <testsuite name="[Iteration # 88: Number: 89; isPrime? true]" time="0.0">
      <testcase name="testPrimeNumberChecker[Iteration # 88: Number: 89; isPrime? true]" classname="core.Junit.PrimeNumber_JunitParameterization" time="0.0"/>
    </testsuite>
    <testsuite name="[Iteration # 89: Number: 90; isPrime? false]" time="0.0">
      <testcase name="testPrimeNumberChecker[Iteration # 89: Number: 90; isPrime? false]" classname="core.Junit.PrimeNumber_JunitParameterization" time="0.0"/>
    </testsuite>
    <testsuite name="[Iteration # 90: Number: 91; isPrime? true]" time="0.001">
      <testcase name="testPrimeNumberChecker[Iteration # 90: Number: 91; isPrime? true]" classname="core.Junit.PrimeNumber_JunitParameterization" time="0.001">
        <failure>java.lang.AssertionError: expected:&lt;true&gt; but was:&lt;false&gt;&#13;
	at org.junit.Assert.fail(Assert.java:88)&#13;
	at org.junit.Assert.failNotEquals(Assert.java:834)&#13;
	at org.junit.Assert.assertEquals(Assert.java:118)&#13;
	at org.junit.Assert.assertEquals(Assert.java:144)&#13;
	at core.Junit.PrimeNumber_JunitParameterization.testPrimeNumberChecker(PrimeNumber_JunitParameterization.java:143)&#13;
	at sun.reflect.GeneratedMethodAccessor2.invoke(Unknown Source)&#13;
	at sun.reflect.DelegatingMethodAccessorImpl.invoke(Unknown Source)&#13;
	at java.lang.reflect.Method.invoke(Unknown Source)&#13;
	at org.junit.runners.model.FrameworkMethod$1.runReflectiveCall(FrameworkMethod.java:50)&#13;
	at org.junit.internal.runners.model.ReflectiveCallable.run(ReflectiveCallable.java:12)&#13;
	at org.junit.runners.model.FrameworkMethod.invokeExplosively(FrameworkMethod.java:47)&#13;
	at org.junit.internal.runners.statements.InvokeMethod.evaluate(InvokeMethod.java:17)&#13;
	at org.junit.internal.runners.statements.RunBefores.evaluate(RunBefores.java:26)&#13;
	at org.junit.runners.ParentRunner.runLeaf(ParentRunner.java:325)&#13;
	at org.junit.runners.BlockJUnit4ClassRunner.runChild(BlockJUnit4ClassRunner.java:78)&#13;
	at org.junit.runners.BlockJUnit4ClassRunner.runChild(BlockJUnit4ClassRunner.java:57)&#13;
	at org.junit.runners.ParentRunner$3.run(ParentRunner.java:290)&#13;
	at org.junit.runners.ParentRunner$1.schedule(ParentRunner.java:71)&#13;
	at org.junit.runners.ParentRunner.runChildren(ParentRunner.java:288)&#13;
	at org.junit.runners.ParentRunner.access$000(ParentRunner.java:58)&#13;
	at org.junit.runners.ParentRunner$2.evaluate(ParentRunner.java:268)&#13;
	at org.junit.runners.ParentRunner.run(ParentRunner.java:363)&#13;
	at org.junit.runners.Suite.runChild(Suite.java:128)&#13;
	at org.junit.runners.Suite.runChild(Suite.java:27)&#13;
	at org.junit.runners.ParentRunner$3.run(ParentRunner.java:290)&#13;
	at org.junit.runners.ParentRunner$1.schedule(ParentRunner.java:71)&#13;
	at org.junit.runners.ParentRunner.runChildren(ParentRunner.java:288)&#13;
	at org.junit.runners.ParentRunner.access$000(ParentRunner.java:58)&#13;
	at org.junit.runners.ParentRunner$2.evaluate(ParentRunner.java:268)&#13;
	at org.junit.runners.ParentRunner.run(ParentRunner.java:363)&#13;
	at org.eclipse.jdt.internal.junit4.runner.JUnit4TestReference.run(JUnit4TestReference.java:86)&#13;
	at org.eclipse.jdt.internal.junit.runner.TestExecution.run(TestExecution.java:38)&#13;
	at org.eclipse.jdt.internal.junit.runner.RemoteTestRunner.runTests(RemoteTestRunner.java:459)&#13;
	at org.eclipse.jdt.internal.junit.runner.RemoteTestRunner.runTests(RemoteTestRunner.java:675)&#13;
	at org.eclipse.jdt.internal.junit.runner.RemoteTestRunner.run(RemoteTestRunner.java:382)&#13;
	at org.eclipse.jdt.internal.junit.runner.RemoteTestRunner.main(RemoteTestRunner.java:192)&#13;
&#13;
</failure>
      </testcase>
    </testsuite>
    <testsuite name="[Iteration # 91: Number: 92; isPrime? false]" time="0.003">
      <testcase name="testPrimeNumberChecker[Iteration # 91: Number: 92; isPrime? false]" classname="core.Junit.PrimeNumber_JunitParameterization" time="0.003"/>
    </testsuite>
    <testsuite name="[Iteration # 92: Number: 93; isPrime? true]" time="0.0">
      <testcase name="testPrimeNumberChecker[Iteration # 92: Number: 93; isPrime? true]" classname="core.Junit.PrimeNumber_JunitParameterization" time="0.0">
        <failure>java.lang.AssertionError: expected:&lt;true&gt; but was:&lt;false&gt;&#13;
	at org.junit.Assert.fail(Assert.java:88)&#13;
	at org.junit.Assert.failNotEquals(Assert.java:834)&#13;
	at org.junit.Assert.assertEquals(Assert.java:118)&#13;
	at org.junit.Assert.assertEquals(Assert.java:144)&#13;
	at core.Junit.PrimeNumber_JunitParameterization.testPrimeNumberChecker(PrimeNumber_JunitParameterization.java:143)&#13;
	at sun.reflect.GeneratedMethodAccessor2.invoke(Unknown Source)&#13;
	at sun.reflect.DelegatingMethodAccessorImpl.invoke(Unknown Source)&#13;
	at java.lang.reflect.Method.invoke(Unknown Source)&#13;
	at org.junit.runners.model.FrameworkMethod$1.runReflectiveCall(FrameworkMethod.java:50)&#13;
	at org.junit.internal.runners.model.ReflectiveCallable.run(ReflectiveCallable.java:12)&#13;
	at org.junit.runners.model.FrameworkMethod.invokeExplosively(FrameworkMethod.java:47)&#13;
	at org.junit.internal.runners.statements.InvokeMethod.evaluate(InvokeMethod.java:17)&#13;
	at org.junit.internal.runners.statements.RunBefores.evaluate(RunBefores.java:26)&#13;
	at org.junit.runners.ParentRunner.runLeaf(ParentRunner.java:325)&#13;
	at org.junit.runners.BlockJUnit4ClassRunner.runChild(BlockJUnit4ClassRunner.java:78)&#13;
	at org.junit.runners.BlockJUnit4ClassRunner.runChild(BlockJUnit4ClassRunner.java:57)&#13;
	at org.junit.runners.ParentRunner$3.run(ParentRunner.java:290)&#13;
	at org.junit.runners.ParentRunner$1.schedule(ParentRunner.java:71)&#13;
	at org.junit.runners.ParentRunner.runChildren(ParentRunner.java:288)&#13;
	at org.junit.runners.ParentRunner.access$000(ParentRunner.java:58)&#13;
	at org.junit.runners.ParentRunner$2.evaluate(ParentRunner.java:268)&#13;
	at org.junit.runners.ParentRunner.run(ParentRunner.java:363)&#13;
	at org.junit.runners.Suite.runChild(Suite.java:128)&#13;
	at org.junit.runners.Suite.runChild(Suite.java:27)&#13;
	at org.junit.runners.ParentRunner$3.run(ParentRunner.java:290)&#13;
	at org.junit.runners.ParentRunner$1.schedule(ParentRunner.java:71)&#13;
	at org.junit.runners.ParentRunner.runChildren(ParentRunner.java:288)&#13;
	at org.junit.runners.ParentRunner.access$000(ParentRunner.java:58)&#13;
	at org.junit.runners.ParentRunner$2.evaluate(ParentRunner.java:268)&#13;
	at org.junit.runners.ParentRunner.run(ParentRunner.java:363)&#13;
	at org.eclipse.jdt.internal.junit4.runner.JUnit4TestReference.run(JUnit4TestReference.java:86)&#13;
	at org.eclipse.jdt.internal.junit.runner.TestExecution.run(TestExecution.java:38)&#13;
	at org.eclipse.jdt.internal.junit.runner.RemoteTestRunner.runTests(RemoteTestRunner.java:459)&#13;
	at org.eclipse.jdt.internal.junit.runner.RemoteTestRunner.runTests(RemoteTestRunner.java:675)&#13;
	at org.eclipse.jdt.internal.junit.runner.RemoteTestRunner.run(RemoteTestRunner.java:382)&#13;
	at org.eclipse.jdt.internal.junit.runner.RemoteTestRunner.main(RemoteTestRunner.java:192)&#13;
&#13;
</failure>
      </testcase>
    </testsuite>
    <testsuite name="[Iteration # 93: Number: 94; isPrime? false]" time="0.0">
      <testcase name="testPrimeNumberChecker[Iteration # 93: Number: 94; isPrime? false]" classname="core.Junit.PrimeNumber_JunitParameterization" time="0.0"/>
    </testsuite>
    <testsuite name="[Iteration # 94: Number: 95; isPrime? true]" time="0.001">
      <testcase name="testPrimeNumberChecker[Iteration # 94: Number: 95; isPrime? true]" classname="core.Junit.PrimeNumber_JunitParameterization" time="0.001">
        <failure>java.lang.AssertionError: expected:&lt;true&gt; but was:&lt;false&gt;&#13;
	at org.junit.Assert.fail(Assert.java:88)&#13;
	at org.junit.Assert.failNotEquals(Assert.java:834)&#13;
	at org.junit.Assert.assertEquals(Assert.java:118)&#13;
	at org.junit.Assert.assertEquals(Assert.java:144)&#13;
	at core.Junit.PrimeNumber_JunitParameterization.testPrimeNumberChecker(PrimeNumber_JunitParameterization.java:143)&#13;
	at sun.reflect.GeneratedMethodAccessor2.invoke(Unknown Source)&#13;
	at sun.reflect.DelegatingMethodAccessorImpl.invoke(Unknown Source)&#13;
	at java.lang.reflect.Method.invoke(Unknown Source)&#13;
	at org.junit.runners.model.FrameworkMethod$1.runReflectiveCall(FrameworkMethod.java:50)&#13;
	at org.junit.internal.runners.model.ReflectiveCallable.run(ReflectiveCallable.java:12)&#13;
	at org.junit.runners.model.FrameworkMethod.invokeExplosively(FrameworkMethod.java:47)&#13;
	at org.junit.internal.runners.statements.InvokeMethod.evaluate(InvokeMethod.java:17)&#13;
	at org.junit.internal.runners.statements.RunBefores.evaluate(RunBefores.java:26)&#13;
	at org.junit.runners.ParentRunner.runLeaf(ParentRunner.java:325)&#13;
	at org.junit.runners.BlockJUnit4ClassRunner.runChild(BlockJUnit4ClassRunner.java:78)&#13;
	at org.junit.runners.BlockJUnit4ClassRunner.runChild(BlockJUnit4ClassRunner.java:57)&#13;
	at org.junit.runners.ParentRunner$3.run(ParentRunner.java:290)&#13;
	at org.junit.runners.ParentRunner$1.schedule(ParentRunner.java:71)&#13;
	at org.junit.runners.ParentRunner.runChildren(ParentRunner.java:288)&#13;
	at org.junit.runners.ParentRunner.access$000(ParentRunner.java:58)&#13;
	at org.junit.runners.ParentRunner$2.evaluate(ParentRunner.java:268)&#13;
	at org.junit.runners.ParentRunner.run(ParentRunner.java:363)&#13;
	at org.junit.runners.Suite.runChild(Suite.java:128)&#13;
	at org.junit.runners.Suite.runChild(Suite.java:27)&#13;
	at org.junit.runners.ParentRunner$3.run(ParentRunner.java:290)&#13;
	at org.junit.runners.ParentRunner$1.schedule(ParentRunner.java:71)&#13;
	at org.junit.runners.ParentRunner.runChildren(ParentRunner.java:288)&#13;
	at org.junit.runners.ParentRunner.access$000(ParentRunner.java:58)&#13;
	at org.junit.runners.ParentRunner$2.evaluate(ParentRunner.java:268)&#13;
	at org.junit.runners.ParentRunner.run(ParentRunner.java:363)&#13;
	at org.eclipse.jdt.internal.junit4.runner.JUnit4TestReference.run(JUnit4TestReference.java:86)&#13;
	at org.eclipse.jdt.internal.junit.runner.TestExecution.run(TestExecution.java:38)&#13;
	at org.eclipse.jdt.internal.junit.runner.RemoteTestRunner.runTests(RemoteTestRunner.java:459)&#13;
	at org.eclipse.jdt.internal.junit.runner.RemoteTestRunner.runTests(RemoteTestRunner.java:675)&#13;
	at org.eclipse.jdt.internal.junit.runner.RemoteTestRunner.run(RemoteTestRunner.java:382)&#13;
	at org.eclipse.jdt.internal.junit.runner.RemoteTestRunner.main(RemoteTestRunner.java:192)&#13;
&#13;
</failure>
      </testcase>
    </testsuite>
    <testsuite name="[Iteration # 95: Number: 96; isPrime? false]" time="0.001">
      <testcase name="testPrimeNumberChecker[Iteration # 95: Number: 96; isPrime? false]" classname="core.Junit.PrimeNumber_JunitParameterization" time="0.001"/>
    </testsuite>
    <testsuite name="[Iteration # 96: Number: 97; isPrime? true]" time="0.006">
      <testcase name="testPrimeNumberChecker[Iteration # 96: Number: 97; isPrime? true]" classname="core.Junit.PrimeNumber_JunitParameterization" time="0.006"/>
    </testsuite>
    <testsuite name="[Iteration # 97: Number: 98; isPrime? false]" time="0.0">
      <testcase name="testPrimeNumberChecker[Iteration # 97: Number: 98; isPrime? false]" classname="core.Junit.PrimeNumber_JunitParameterization" time="0.0"/>
    </testsuite>
    <testsuite name="[Iteration # 98: Number: 99; isPrime? true]" time="0.002">
      <testcase name="testPrimeNumberChecker[Iteration # 98: Number: 99; isPrime? true]" classname="core.Junit.PrimeNumber_JunitParameterization" time="0.002">
        <failure>java.lang.AssertionError: expected:&lt;true&gt; but was:&lt;false&gt;&#13;
	at org.junit.Assert.fail(Assert.java:88)&#13;
	at org.junit.Assert.failNotEquals(Assert.java:834)&#13;
	at org.junit.Assert.assertEquals(Assert.java:118)&#13;
	at org.junit.Assert.assertEquals(Assert.java:144)&#13;
	at core.Junit.PrimeNumber_JunitParameterization.testPrimeNumberChecker(PrimeNumber_JunitParameterization.java:143)&#13;
	at sun.reflect.GeneratedMethodAccessor2.invoke(Unknown Source)&#13;
	at sun.reflect.DelegatingMethodAccessorImpl.invoke(Unknown Source)&#13;
	at java.lang.reflect.Method.invoke(Unknown Source)&#13;
	at org.junit.runners.model.FrameworkMethod$1.runReflectiveCall(FrameworkMethod.java:50)&#13;
	at org.junit.internal.runners.model.ReflectiveCallable.run(ReflectiveCallable.java:12)&#13;
	at org.junit.runners.model.FrameworkMethod.invokeExplosively(FrameworkMethod.java:47)&#13;
	at org.junit.internal.runners.statements.InvokeMethod.evaluate(InvokeMethod.java:17)&#13;
	at org.junit.internal.runners.statements.RunBefores.evaluate(RunBefores.java:26)&#13;
	at org.junit.runners.ParentRunner.runLeaf(ParentRunner.java:325)&#13;
	at org.junit.runners.BlockJUnit4ClassRunner.runChild(BlockJUnit4ClassRunner.java:78)&#13;
	at org.junit.runners.BlockJUnit4ClassRunner.runChild(BlockJUnit4ClassRunner.java:57)&#13;
	at org.junit.runners.ParentRunner$3.run(ParentRunner.java:290)&#13;
	at org.junit.runners.ParentRunner$1.schedule(ParentRunner.java:71)&#13;
	at org.junit.runners.ParentRunner.runChildren(ParentRunner.java:288)&#13;
	at org.junit.runners.ParentRunner.access$000(ParentRunner.java:58)&#13;
	at org.junit.runners.ParentRunner$2.evaluate(ParentRunner.java:268)&#13;
	at org.junit.runners.ParentRunner.run(ParentRunner.java:363)&#13;
	at org.junit.runners.Suite.runChild(Suite.java:128)&#13;
	at org.junit.runners.Suite.runChild(Suite.java:27)&#13;
	at org.junit.runners.ParentRunner$3.run(ParentRunner.java:290)&#13;
	at org.junit.runners.ParentRunner$1.schedule(ParentRunner.java:71)&#13;
	at org.junit.runners.ParentRunner.runChildren(ParentRunner.java:288)&#13;
	at org.junit.runners.ParentRunner.access$000(ParentRunner.java:58)&#13;
	at org.junit.runners.ParentRunner$2.evaluate(ParentRunner.java:268)&#13;
	at org.junit.runners.ParentRunner.run(ParentRunner.java:363)&#13;
	at org.eclipse.jdt.internal.junit4.runner.JUnit4TestReference.run(JUnit4TestReference.java:86)&#13;
	at org.eclipse.jdt.internal.junit.runner.TestExecution.run(TestExecution.java:38)&#13;
	at org.eclipse.jdt.internal.junit.runner.RemoteTestRunner.runTests(RemoteTestRunner.java:459)&#13;
	at org.eclipse.jdt.internal.junit.runner.RemoteTestRunner.runTests(RemoteTestRunner.java:675)&#13;
	at org.eclipse.jdt.internal.junit.runner.RemoteTestRunner.run(RemoteTestRunner.java:382)&#13;
	at org.eclipse.jdt.internal.junit.runner.RemoteTestRunner.main(RemoteTestRunner.java:192)&#13;
&#13;
</failure>
      </testcase>
    </testsuite>
    <testsuite name="[Iteration # 99: Number: 100; isPrime? false]" time="0.002">
      <testcase name="testPrimeNumberChecker[Iteration # 99: Number: 100; isPrime? false]" classname="core.Junit.PrimeNumber_JunitParameterization" time="0.002"/>
    </testsuite>
  </testsuite>
</testrun>
